[16:25:22.469] [32mINFO[39m (25640): [36mServer listening[39m
    [35mport[39m: 8080
[16:25:22.628] [32mINFO[39m (25640): [36mrequest completed[39m
    [35mreq[39m: {
      "id": 1,
      "method": "GET",
      "url": "/api/healthz"
    }
    [35mres[39m: {
      "statusCode": 200
    }
    [35mresponseTime[39m: 5
[16:25:23.659] [32mINFO[39m (25640): [36mrequest completed[39m
    [35mreq[39m: {
      "id": 2,
      "method": "GET",
      "url": "/api/dashboard/stats"
    }
    [35mres[39m: {
      "statusCode": 200
    }
    [35mresponseTime[39m: 1024
[16:25:24.057] [32mINFO[39m (25640): [36mrequest completed[39m
    [35mreq[39m: {
      "id": 3,
      "method": "GET",
      "url": "/api/dashboard/funnel"
    }
    [35mres[39m: {
      "statusCode": 200
    }
    [35mresponseTime[39m: 396
[16:25:24.568] [32mINFO[39m (25640): [36mrequest completed[39m
    [35mreq[39m: {
      "id": 4,
      "method": "GET",
      "url": "/api/patients"
    }
    [35mres[39m: {
      "statusCode": 200
    }
    [35mresponseTime[39m: 510
[16:25:24.723] [32mINFO[39m (25640): [36mrequest completed[39m
    [35mreq[39m: {
      "id": 5,
      "method": "GET",
      "url": "/api/settings/branches"
    }
    [35mres[39m: {
      "statusCode": 200
    }
    [35mresponseTime[39m: 153
[16:25:24.864] [32mINFO[39m (25640): [36mrequest completed[39m
    [35mreq[39m: {
      "id": 6,
      "method": "GET",
      "url": "/api/settings/system"
    }
    [35mres[39m: {
      "statusCode": 200
    }
    [35mresponseTime[39m: 139
[16:25:24.988] [32mINFO[39m (25640): [36mrequest completed[39m
    [35mreq[39m: {
      "id": 7,
      "method": "GET",
      "url": "/api/settings/tax"
    }
    [35mres[39m: {
      "statusCode": 200
    }
    [35mresponseTime[39m: 123
[16:25:25.319] [32mINFO[39m (25640): [36mrequest completed[39m
    [35mreq[39m: {
      "id": 8,
      "method": "GET",
      "url": "/api/appointments"
    }
    [35mres[39m: {
      "statusCode": 200
    }
    [35mresponseTime[39m: 330
[16:25:25.676] [32mINFO[39m (25640): [36mrequest completed[39m
    [35mreq[39m: {
      "id": 9,
      "method": "GET",
      "url": "/api/financial/summary"
    }
    [35mres[39m: {
      "statusCode": 200
    }
    [35mresponseTime[39m: 356
