[17:44:54.193] [32mINFO[39m (3968): [36mServer listening[39m
    [35mport[39m: 8080
[17:44:54.543] [32mINFO[39m (3968): [36mrequest completed[39m
    [35mreq[39m: {
      "id": 1,
      "method": "GET",
      "url": "/api/healthz"
    }
    [35mres[39m: {
      "statusCode": 200
    }
    [35mresponseTime[39m: 13
[17:45:00.266] [32mINFO[39m (3968): [36mrequest aborted[39m
    [35mreq[39m: {
      "id": 4,
      "method": "POST",
      "url": "/api/db"
    }
    [35mres[39m: {
      "statusCode": null
    }
    [35mresponseTime[39m: 260
[17:45:00.662] [32mINFO[39m (3968): [36mrequest completed[39m
    [35mreq[39m: {
      "id": 3,
      "method": "GET",
      "url": "/api/dashboard/stats"
    }
    [35mres[39m: {
      "statusCode": 304
    }
    [35mresponseTime[39m: 877
[17:45:00.690] [32mINFO[39m (3968): [36mrequest completed[39m
    [35mreq[39m: {
      "id": 2,
      "method": "GET",
      "url": "/api/dashboard/funnel"
    }
    [35mres[39m: {
      "statusCode": 304
    }
    [35mresponseTime[39m: 970
[17:45:00.697] [32mINFO[39m (3968): [36mrequest aborted[39m
    [35mreq[39m: {
      "id": 5,
      "method": "POST",
      "url": "/api/db"
    }
    [35mres[39m: {
      "statusCode": null
    }
    [35mresponseTime[39m: 29
[17:45:00.698] [32mINFO[39m (3968): [36mrequest aborted[39m
    [35mreq[39m: {
      "id": 6,
      "method": "POST",
      "url": "/api/db"
    }
    [35mres[39m: {
      "statusCode": null
    }
    [35mresponseTime[39m: 25
[17:45:01.040] [32mINFO[39m (3968): [36mrequest completed[39m
    [35mreq[39m: {
      "id": 7,
      "method": "POST",
      "url": "/api/db"
    }
    [35mres[39m: {
      "statusCode": 200
    }
    [35mresponseTime[39m: 140
[17:45:01.243] [32mINFO[39m (3968): [36mrequest completed[39m
    [35mreq[39m: {
      "id": 8,
      "method": "POST",
      "url": "/api/db"
    }
    [35mres[39m: {
      "statusCode": 200
    }
    [35mresponseTime[39m: 340
[17:45:03.936] [32mINFO[39m (3968): [36mrequest completed[39m
    [35mreq[39m: {
      "id": 9,
      "method": "POST",
      "url": "/api/db"
    }
    [35mres[39m: {
      "statusCode": 200
    }
    [35mresponseTime[39m: 120
[17:45:04.383] [32mINFO[39m (3968): [36mrequest completed[39m
    [35mreq[39m: {
      "id": 11,
      "method": "GET",
      "url": "/api/dashboard/funnel"
    }
    [35mres[39m: {
      "statusCode": 304
    }
    [35mresponseTime[39m: 144
[17:45:04.591] [32mINFO[39m (3968): [36mrequest completed[39m
    [35mreq[39m: {
      "id": 10,
      "method": "GET",
      "url": "/api/dashboard/stats"
    }
    [35mres[39m: {
      "statusCode": 304
    }
    [35mresponseTime[39m: 361
[17:45:08.043] [32mINFO[39m (3968): [36mrequest completed[39m
    [35mreq[39m: {
      "id": 13,
      "method": "POST",
      "url": "/api/db"
    }
    [35mres[39m: {
      "statusCode": 200
    }
    [35mresponseTime[39m: 306
[17:45:08.074] [32mINFO[39m (3968): [36mrequest completed[39m
    [35mreq[39m: {
      "id": 12,
      "method": "POST",
      "url": "/api/db"
    }
    [35mres[39m: {
      "statusCode": 200
    }
    [35mresponseTime[39m: 341
[17:45:18.397] [32mINFO[39m (3968): [36mrequest completed[39m
    [35mreq[39m: {
      "id": 14,
      "method": "POST",
      "url": "/api/db"
    }
    [35mres[39m: {
      "statusCode": 200
    }
    [35mresponseTime[39m: 353
[17:45:28.070] [32mINFO[39m (3968): [36mrequest completed[39m
    [35mreq[39m: {
      "id": 15,
      "method": "POST",
      "url": "/api/db"
    }
    [35mres[39m: {
      "statusCode": 200
    }
    [35mresponseTime[39m: 321
[17:45:38.472] [32mINFO[39m (3968): [36mrequest completed[39m
    [35mreq[39m: {
      "id": 16,
      "method": "POST",
      "url": "/api/db"
    }
    [35mres[39m: {
      "statusCode": 200
    }
    [35mresponseTime[39m: 432
[17:45:48.089] [32mINFO[39m (3968): [36mrequest completed[39m
    [35mreq[39m: {
      "id": 17,
      "method": "POST",
      "url": "/api/db"
    }
    [35mres[39m: {
      "statusCode": 200
    }
    [35mresponseTime[39m: 356
[17:45:58.406] [32mINFO[39m (3968): [36mrequest completed[39m
    [35mreq[39m: {
      "id": 18,
      "method": "POST",
      "url": "/api/db"
    }
    [35mres[39m: {
      "statusCode": 200
    }
    [35mresponseTime[39m: 357
[17:46:04.484] [32mINFO[39m (3968): [36mrequest completed[39m
    [35mreq[39m: {
      "id": 19,
      "method": "POST",
      "url": "/api/db"
    }
    [35mres[39m: {
      "statusCode": 200
    }
    [35mresponseTime[39m: 358
[17:46:07.890] [32mINFO[39m (3968): [36mrequest completed[39m
    [35mreq[39m: {
      "id": 20,
      "method": "POST",
      "url": "/api/db"
    }
    [35mres[39m: {
      "statusCode": 200
    }
    [35mresponseTime[39m: 147
[17:46:18.390] [32mINFO[39m (3968): [36mrequest completed[39m
    [35mreq[39m: {
      "id": 21,
      "method": "POST",
      "url": "/api/db"
    }
    [35mres[39m: {
      "statusCode": 200
    }
    [35mresponseTime[39m: 340
[17:46:28.163] [32mINFO[39m (3968): [36mrequest completed[39m
    [35mreq[39m: {
      "id": 22,
      "method": "POST",
      "url": "/api/db"
    }
    [35mres[39m: {
      "statusCode": 200
    }
    [35mresponseTime[39m: 420
[17:46:38.361] [32mINFO[39m (3968): [36mrequest completed[39m
    [35mreq[39m: {
      "id": 23,
      "method": "POST",
      "url": "/api/db"
    }
    [35mres[39m: {
      "statusCode": 200
    }
    [35mresponseTime[39m: 321
[17:46:48.096] [32mINFO[39m (3968): [36mrequest completed[39m
    [35mreq[39m: {
      "id": 24,
      "method": "POST",
      "url": "/api/db"
    }
    [35mres[39m: {
      "statusCode": 200
    }
    [35mresponseTime[39m: 354
[17:46:58.357] [32mINFO[39m (3968): [36mrequest completed[39m
    [35mreq[39m: {
      "id": 25,
      "method": "POST",
      "url": "/api/db"
    }
    [35mres[39m: {
      "statusCode": 200
    }
    [35mresponseTime[39m: 313
[17:47:04.158] [32mINFO[39m (3968): [36mrequest completed[39m
    [35mreq[39m: {
      "id": 26,
      "method": "POST",
      "url": "/api/db"
    }
    [35mres[39m: {
      "statusCode": 200
    }
    [35mresponseTime[39m: 349
[17:47:07.885] [32mINFO[39m (3968): [36mrequest completed[39m
    [35mreq[39m: {
      "id": 27,
      "method": "POST",
      "url": "/api/db"
    }
    [35mres[39m: {
      "statusCode": 200
    }
    [35mresponseTime[39m: 150
[17:47:18.359] [32mINFO[39m (3968): [36mrequest completed[39m
    [35mreq[39m: {
      "id": 28,
      "method": "POST",
      "url": "/api/db"
    }
    [35mres[39m: {
      "statusCode": 200
    }
    [35mresponseTime[39m: 314
[17:47:28.106] [32mINFO[39m (3968): [36mrequest completed[39m
    [35mreq[39m: {
      "id": 29,
      "method": "POST",
      "url": "/api/db"
    }
    [35mres[39m: {
      "statusCode": 200
    }
    [35mresponseTime[39m: 369
[17:47:38.375] [32mINFO[39m (3968): [36mrequest completed[39m
    [35mreq[39m: {
      "id": 30,
      "method": "POST",
      "url": "/api/db"
    }
    [35mres[39m: {
      "statusCode": 200
    }
    [35mresponseTime[39m: 326
[17:47:48.110] [32mINFO[39m (3968): [36mrequest completed[39m
    [35mreq[39m: {
      "id": 31,
      "method": "POST",
      "url": "/api/db"
    }
    [35mres[39m: {
      "statusCode": 200
    }
    [35mresponseTime[39m: 371
[17:47:58.421] [32mINFO[39m (3968): [36mrequest completed[39m
    [35mreq[39m: {
      "id": 32,
      "method": "POST",
      "url": "/api/db"
    }
    [35mres[39m: {
      "statusCode": 200
    }
    [35mresponseTime[39m: 376
[17:48:04.704] [32mINFO[39m (3968): [36mrequest completed[39m
    [35mreq[39m: {
      "id": 33,
      "method": "POST",
      "url": "/api/db"
    }
    [35mres[39m: {
      "statusCode": 200
    }
    [35mresponseTime[39m: 581
[17:48:07.882] [32mINFO[39m (3968): [36mrequest completed[39m
    [35mreq[39m: {
      "id": 34,
      "method": "POST",
      "url": "/api/db"
    }
    [35mres[39m: {
      "statusCode": 200
    }
    [35mresponseTime[39m: 138
[17:48:18.438] [32mINFO[39m (3968): [36mrequest completed[39m
    [35mreq[39m: {
      "id": 35,
      "method": "POST",
      "url": "/api/db"
    }
    [35mres[39m: {
      "statusCode": 200
    }
    [35mresponseTime[39m: 385
[17:48:28.387] [32mINFO[39m (3968): [36mrequest completed[39m
    [35mreq[39m: {
      "id": 36,
      "method": "POST",
      "url": "/api/db"
    }
    [35mres[39m: {
      "statusCode": 200
    }
    [35mresponseTime[39m: 339
[17:48:38.142] [32mINFO[39m (3968): [36mrequest completed[39m
    [35mreq[39m: {
      "id": 37,
      "method": "POST",
      "url": "/api/db"
    }
    [35mres[39m: {
      "statusCode": 200
    }
    [35mresponseTime[39m: 400
[17:48:48.385] [32mINFO[39m (3968): [36mrequest completed[39m
    [35mreq[39m: {
      "id": 38,
      "method": "POST",
      "url": "/api/db"
    }
    [35mres[39m: {
      "statusCode": 200
    }
    [35mresponseTime[39m: 341
[17:48:58.103] [32mINFO[39m (3968): [36mrequest completed[39m
    [35mreq[39m: {
      "id": 39,
      "method": "POST",
      "url": "/api/db"
    }
    [35mres[39m: {
      "statusCode": 200
    }
    [35mresponseTime[39m: 375
[17:49:04.499] [32mINFO[39m (3968): [36mrequest completed[39m
    [35mreq[39m: {
      "id": 40,
      "method": "POST",
      "url": "/api/db"
    }
    [35mres[39m: {
      "statusCode": 200
    }
    [35mresponseTime[39m: 388
[17:49:08.184] [32mINFO[39m (3968): [36mrequest completed[39m
    [35mreq[39m: {
      "id": 41,
      "method": "POST",
      "url": "/api/db"
    }
    [35mres[39m: {
      "statusCode": 200
    }
    [35mresponseTime[39m: 137
[17:49:18.106] [32mINFO[39m (3968): [36mrequest completed[39m
    [35mreq[39m: {
      "id": 42,
      "method": "POST",
      "url": "/api/db"
    }
    [35mres[39m: {
      "statusCode": 200
    }
    [35mresponseTime[39m: 368
[17:49:28.435] [32mINFO[39m (3968): [36mrequest completed[39m
    [35mreq[39m: {
      "id": 43,
      "method": "POST",
      "url": "/api/db"
    }
    [35mres[39m: {
      "statusCode": 200
    }
    [35mresponseTime[39m: 393
[17:49:38.168] [32mINFO[39m (3968): [36mrequest completed[39m
    [35mreq[39m: {
      "id": 44,
      "method": "POST",
      "url": "/api/db"
    }
    [35mres[39m: {
      "statusCode": 200
    }
    [35mresponseTime[39m: 434
[17:49:48.378] [32mINFO[39m (3968): [36mrequest completed[39m
    [35mreq[39m: {
      "id": 45,
      "method": "POST",
      "url": "/api/db"
    }
    [35mres[39m: {
      "statusCode": 200
    }
    [35mresponseTime[39m: 341
[17:49:58.518] [32mINFO[39m (3968): [36mrequest completed[39m
    [35mreq[39m: {
      "id": 46,
      "method": "POST",
      "url": "/api/db"
    }
    [35mres[39m: {
      "statusCode": 200
    }
    [35mresponseTime[39m: 784
[17:50:04.236] [32mINFO[39m (3968): [36mrequest completed[39m
    [35mreq[39m: {
      "id": 47,
      "method": "POST",
      "url": "/api/db"
    }
    [35mres[39m: {
      "statusCode": 200
    }
    [35mresponseTime[39m: 410
[17:50:08.195] [32mINFO[39m (3968): [36mrequest completed[39m
    [35mreq[39m: {
      "id": 48,
      "method": "POST",
      "url": "/api/db"
    }
    [35mres[39m: {
      "statusCode": 200
    }
    [35mresponseTime[39m: 139
[17:50:18.076] [32mINFO[39m (3968): [36mrequest completed[39m
    [35mreq[39m: {
      "id": 49,
      "method": "POST",
      "url": "/api/db"
    }
    [35mres[39m: {
      "statusCode": 200
    }
    [35mresponseTime[39m: 341
[17:50:28.390] [32mINFO[39m (3968): [36mrequest completed[39m
    [35mreq[39m: {
      "id": 50,
      "method": "POST",
      "url": "/api/db"
    }
    [35mres[39m: {
      "statusCode": 200
    }
    [35mresponseTime[39m: 349
[17:50:38.137] [32mINFO[39m (3968): [36mrequest completed[39m
    [35mreq[39m: {
      "id": 51,
      "method": "POST",
      "url": "/api/db"
    }
    [35mres[39m: {
      "statusCode": 200
    }
    [35mresponseTime[39m: 331
[17:50:48.386] [32mINFO[39m (3968): [36mrequest completed[39m
    [35mreq[39m: {
      "id": 52,
      "method": "POST",
      "url": "/api/db"
    }
    [35mres[39m: {
      "statusCode": 200
    }
    [35mresponseTime[39m: 343
[17:50:58.080] [32mINFO[39m (3968): [36mrequest completed[39m
    [35mreq[39m: {
      "id": 53,
      "method": "POST",
      "url": "/api/db"
    }
    [35mres[39m: {
      "statusCode": 200
    }
    [35mresponseTime[39m: 340
[17:51:04.459] [32mINFO[39m (3968): [36mrequest completed[39m
    [35mreq[39m: {
      "id": 54,
      "method": "POST",
      "url": "/api/db"
    }
    [35mres[39m: {
      "statusCode": 200
    }
    [35mresponseTime[39m: 340
[17:51:08.365] [32mINFO[39m (3968): [36mrequest completed[39m
    [35mreq[39m: {
      "id": 55,
      "method": "POST",
      "url": "/api/db"
    }
    [35mres[39m: {
      "statusCode": 200
    }
    [35mresponseTime[39m: 323
[17:51:18.369] [32mINFO[39m (3968): [36mrequest completed[39m
    [35mreq[39m: {
      "id": 56,
      "method": "POST",
      "url": "/api/db"
    }
    [35mres[39m: {
      "statusCode": 200
    }
    [35mresponseTime[39m: 632
[17:51:28.450] [32mINFO[39m (3968): [36mrequest completed[39m
    [35mreq[39m: {
      "id": 57,
      "method": "POST",
      "url": "/api/db"
    }
    [35mres[39m: {
      "statusCode": 200
    }
    [35mresponseTime[39m: 405
[17:51:38.084] [32mINFO[39m (3968): [36mrequest completed[39m
    [35mreq[39m: {
      "id": 58,
      "method": "POST",
      "url": "/api/db"
    }
    [35mres[39m: {
      "statusCode": 200
    }
    [35mresponseTime[39m: 341
[17:51:48.479] [32mINFO[39m (3968): [36mrequest completed[39m
    [35mreq[39m: {
      "id": 59,
      "method": "POST",
      "url": "/api/db"
    }
    [35mres[39m: {
      "statusCode": 200
    }
    [35mresponseTime[39m: 432
[17:51:58.068] [32mINFO[39m (3968): [36mrequest completed[39m
    [35mreq[39m: {
      "id": 60,
      "method": "POST",
      "url": "/api/db"
    }
    [35mres[39m: {
      "statusCode": 200
    }
    [35mresponseTime[39m: 337
[17:52:04.205] [32mINFO[39m (3968): [36mrequest completed[39m
    [35mreq[39m: {
      "id": 61,
      "method": "POST",
      "url": "/api/db"
    }
    [35mres[39m: {
      "statusCode": 200
    }
    [35mresponseTime[39m: 395
[17:52:08.174] [32mINFO[39m (3968): [36mrequest completed[39m
    [35mreq[39m: {
      "id": 62,
      "method": "POST",
      "url": "/api/db"
    }
    [35mres[39m: {
      "statusCode": 200
    }
    [35mresponseTime[39m: 122
[17:52:18.059] [32mINFO[39m (3968): [36mrequest completed[39m
    [35mreq[39m: {
      "id": 63,
      "method": "POST",
      "url": "/api/db"
    }
    [35mres[39m: {
      "statusCode": 200
    }
    [35mresponseTime[39m: 322
[17:52:28.414] [32mINFO[39m (3968): [36mrequest completed[39m
    [35mreq[39m: {
      "id": 64,
      "method": "POST",
      "url": "/api/db"
    }
    [35mres[39m: {
      "statusCode": 200
    }
    [35mresponseTime[39m: 373
[17:52:38.082] [32mINFO[39m (3968): [36mrequest completed[39m
    [35mreq[39m: {
      "id": 65,
      "method": "POST",
      "url": "/api/db"
    }
    [35mres[39m: {
      "statusCode": 200
    }
    [35mresponseTime[39m: 339
[17:52:48.424] [32mINFO[39m (3968): [36mrequest completed[39m
    [35mreq[39m: {
      "id": 66,
      "method": "POST",
      "url": "/api/db"
    }
    [35mres[39m: {
      "statusCode": 200
    }
    [35mresponseTime[39m: 374
[17:52:58.052] [32mINFO[39m (3968): [36mrequest completed[39m
    [35mreq[39m: {
      "id": 67,
      "method": "POST",
      "url": "/api/db"
    }
    [35mres[39m: {
      "statusCode": 200
    }
    [35mresponseTime[39m: 323
[17:53:04.463] [32mINFO[39m (3968): [36mrequest completed[39m
    [35mreq[39m: {
      "id": 68,
      "method": "POST",
      "url": "/api/db"
    }
    [35mres[39m: {
      "statusCode": 200
    }
    [35mresponseTime[39m: 341
[17:53:08.176] [32mINFO[39m (3968): [36mrequest completed[39m
    [35mreq[39m: {
      "id": 69,
      "method": "POST",
      "url": "/api/db"
    }
    [35mres[39m: {
      "statusCode": 200
    }
    [35mresponseTime[39m: 136
[17:53:18.132] [32mINFO[39m (3968): [36mrequest completed[39m
    [35mreq[39m: {
      "id": 70,
      "method": "POST",
      "url": "/api/db"
    }
    [35mres[39m: {
      "statusCode": 200
    }
    [35mresponseTime[39m: 390
[17:53:28.423] [32mINFO[39m (3968): [36mrequest completed[39m
    [35mreq[39m: {
      "id": 71,
      "method": "POST",
      "url": "/api/db"
    }
    [35mres[39m: {
      "statusCode": 200
    }
    [35mresponseTime[39m: 372
[17:53:38.069] [32mINFO[39m (3968): [36mrequest completed[39m
    [35mreq[39m: {
      "id": 72,
      "method": "POST",
      "url": "/api/db"
    }
    [35mres[39m: {
      "statusCode": 200
    }
    [35mresponseTime[39m: 338
[17:53:40.595] [32mINFO[39m (3968): [36mrequest completed[39m
    [35mreq[39m: {
      "id": 73,
      "method": "POST",
      "url": "/api/db"
    }
    [35mres[39m: {
      "statusCode": 200
    }
    [35mresponseTime[39m: 154
[17:53:48.133] [32mINFO[39m (3968): [36mrequest completed[39m
    [35mreq[39m: {
      "id": 74,
      "method": "POST",
      "url": "/api/db"
    }
    [35mres[39m: {
      "statusCode": 200
    }
    [35mresponseTime[39m: 318
[17:53:58.431] [32mINFO[39m (3968): [36mrequest completed[39m
    [35mreq[39m: {
      "id": 75,
      "method": "POST",
      "url": "/api/db"
    }
    [35mres[39m: {
      "statusCode": 200
    }
    [35mresponseTime[39m: 313
[17:54:08.188] [32mINFO[39m (3968): [36mrequest completed[39m
    [35mreq[39m: {
      "id": 76,
      "method": "POST",
      "url": "/api/db"
    }
    [35mres[39m: {
      "statusCode": 200
    }
    [35mresponseTime[39m: 365
[17:54:18.463] [32mINFO[39m (3968): [36mrequest completed[39m
    [35mreq[39m: {
      "id": 77,
      "method": "POST",
      "url": "/api/db"
    }
    [35mres[39m: {
      "statusCode": 200
    }
    [35mresponseTime[39m: 348
[17:54:28.166] [32mINFO[39m (3968): [36mrequest completed[39m
    [35mreq[39m: {
      "id": 78,
      "method": "POST",
      "url": "/api/db"
    }
    [35mres[39m: {
      "statusCode": 200
    }
    [35mresponseTime[39m: 347
[17:54:38.538] [32mINFO[39m (3968): [36mrequest completed[39m
    [35mreq[39m: {
      "id": 79,
      "method": "POST",
      "url": "/api/db"
    }
    [35mres[39m: {
      "statusCode": 200
    }
    [35mresponseTime[39m: 353
[17:54:46.946] [32mINFO[39m (3968): [36mrequest completed[39m
    [35mreq[39m: {
      "id": 80,
      "method": "GET",
      "url": "/api/healthz"
    }
    [35mres[39m: {
      "statusCode": 200
    }
    [35mresponseTime[39m: 1
[17:54:47.739] [32mINFO[39m (3968): [36mrequest completed[39m
    [35mreq[39m: {
      "id": 81,
      "method": "GET",
      "url": "/api/dashboard/stats"
    }
    [35mres[39m: {
      "statusCode": 200
    }
    [35mresponseTime[39m: 444
[17:54:48.455] [32mINFO[39m (3968): [36mrequest completed[39m
    [35mreq[39m: {
      "id": 82,
      "method": "POST",
      "url": "/api/db"
    }
    [35mres[39m: {
      "statusCode": 200
    }
    [35mresponseTime[39m: 339
[17:55:04.188] [32mINFO[39m (3968): [36mrequest completed[39m
    [35mreq[39m: {
      "id": 83,
      "method": "POST",
      "url": "/api/db"
    }
    [35mres[39m: {
      "statusCode": 200
    }
    [35mresponseTime[39m: 384
[17:56:04.461] [32mINFO[39m (3968): [36mrequest completed[39m
    [35mreq[39m: {
      "id": 84,
      "method": "POST",
      "url": "/api/db"
    }
    [35mres[39m: {
      "statusCode": 200
    }
    [35mresponseTime[39m: 339
[17:57:04.169] [32mINFO[39m (3968): [36mrequest completed[39m
    [35mreq[39m: {
      "id": 85,
      "method": "POST",
      "url": "/api/db"
    }
    [35mres[39m: {
      "statusCode": 200
    }
    [35mresponseTime[39m: 354
[17:58:04.506] [32mINFO[39m (3968): [36mrequest completed[39m
    [35mreq[39m: {
      "id": 86,
      "method": "POST",
      "url": "/api/db"
    }
    [35mres[39m: {
      "statusCode": 200
    }
    [35mresponseTime[39m: 365
[17:58:58.012] [32mINFO[39m (3968): [36mrequest completed[39m
    [35mreq[39m: {
      "id": 87,
      "method": "POST",
      "url": "/api/db"
    }
    [35mres[39m: {
      "statusCode": 200
    }
    [35mresponseTime[39m: 356
[17:59:06.442] [32mINFO[39m (3968): [36mrequest completed[39m
    [35mreq[39m: {
      "id": 88,
      "method": "POST",
      "url": "/api/db"
    }
    [35mres[39m: {
      "statusCode": 200
    }
    [35mresponseTime[39m: 325
[17:59:07.897] [32mINFO[39m (3968): [36mrequest completed[39m
    [35mreq[39m: {
      "id": 89,
      "method": "POST",
      "url": "/api/db"
    }
    [35mres[39m: {
      "statusCode": 200
    }
    [35mresponseTime[39m: 157
[17:59:18.453] [32mINFO[39m (3968): [36mrequest completed[39m
    [35mreq[39m: {
      "id": 90,
      "method": "POST",
      "url": "/api/db"
    }
    [35mres[39m: {
      "statusCode": 200
    }
    [35mresponseTime[39m: 325
[17:59:23.673] [32mINFO[39m (3968): [36mrequest completed[39m
    [35mreq[39m: {
      "id": 91,
      "method": "GET",
      "url": "/api/patients"
    }
    [35mres[39m: {
      "statusCode": 200
    }
    [35mresponseTime[39m: 711
[18:38:13.331] [32mINFO[39m (3968): [36mrequest completed[39m
    [35mreq[39m: {
      "id": 92,
      "method": "GET",
      "url": "/api/patients"
    }
    [35mres[39m: {
      "statusCode": 304
    }
    [35mresponseTime[39m: 1450
[18:39:11.598] [32mINFO[39m (3968): [36mrequest completed[39m
    [35mreq[39m: {
      "id": 93,
      "method": "GET",
      "url": "/api/patients"
    }
    [35mres[39m: {
      "statusCode": 304
    }
    [35mresponseTime[39m: 736
[18:39:16.621] [32mINFO[39m (3968): [36mrequest completed[39m
    [35mreq[39m: {
      "id": 94,
      "method": "GET",
      "url": "/api/patients"
    }
    [35mres[39m: {
      "statusCode": 304
    }
    [35mresponseTime[39m: 759
[18:39:24.126] [32mINFO[39m (3968): [36mrequest aborted[39m
    [35mreq[39m: {
      "id": 95,
      "method": "GET",
      "url": "/api/patients"
    }
    [35mres[39m: {
      "statusCode": null
    }
    [35mresponseTime[39m: 246
[18:39:26.708] [32mINFO[39m (3968): [36mrequest completed[39m
    [35mreq[39m: {
      "id": 96,
      "method": "GET",
      "url": "/api/patients"
    }
    [35mres[39m: {
      "statusCode": 200
    }
    [35mresponseTime[39m: 330
