[17:12:48.873] [32mINFO[39m (20804): [36mServer listening[39m
    [35mport[39m: 8080
[17:12:49.272] [32mINFO[39m (20804): [36mrequest completed[39m
    [35mreq[39m: {
      "id": 1,
      "method": "GET",
      "url": "/api/healthz"
    }
    [35mres[39m: {
      "statusCode": 200
    }
    [35mresponseTime[39m: 4
[17:12:50.747] [32mINFO[39m (20804): [36mrequest completed[39m
    [35mreq[39m: {
      "id": 2,
      "method": "GET",
      "url": "/api/healthz"
    }
    [35mres[39m: {
      "statusCode": 200
    }
    [35mresponseTime[39m: 1
[17:12:51.582] [32mINFO[39m (20804): [36mrequest completed[39m
    [35mreq[39m: {
      "id": 3,
      "method": "GET",
      "url": "/api/dashboard/stats"
    }
    [35mres[39m: {
      "statusCode": 200
    }
    [35mresponseTime[39m: 763
